This is pdfTeX, Version 3.14159265-2.6-1.40.17 (TeX Live 2016) (preloaded format=pdflatex 2016.5.22)  15 DEC 2018 13:32
entering extended mode
 restricted \write18 enabled.
 %&-line parsing enabled.
**Help.lhs
(./Help.lhs
LaTeX2e <2016/03/31>
Babel <3.9r> and hyphenation patterns for 83 language(s) loaded.
(/usr/local/texlive/2016/texmf-dist/tex/latex/base/article.cls
Document Class: article 2014/09/29 v1.4h Standard LaTeX document class
(/usr/local/texlive/2016/texmf-dist/tex/latex/base/size10.clo
File: size10.clo 2014/09/29 v1.4h Standard LaTeX file (size option)
)
\c@part=\count79
\c@section=\count80
\c@subsection=\count81
\c@subsubsection=\count82
\c@paragraph=\count83
\c@subparagraph=\count84
\c@figure=\count85
\c@table=\count86
\abovecaptionskip=\skip41
\belowcaptionskip=\skip42
\bibindent=\dimen102
)
(/usr/local/texlive/2016/texmf-dist/tex/latex/tools/verbatim.sty
Package: verbatim 2014/10/28 v1.5q LaTeX2e package for verbatim enhancements
\every@verbatim=\toks14
\verbatim@line=\toks15
\verbatim@in@stream=\read1
) (./Help.aux)
\openout1 = `Help.aux'.

LaTeX Font Info:    Checking defaults for OML/cmm/m/it on input line 12.
LaTeX Font Info:    ... okay on input line 12.
LaTeX Font Info:    Checking defaults for T1/cmr/m/n on input line 12.
LaTeX Font Info:    ... okay on input line 12.
LaTeX Font Info:    Checking defaults for OT1/cmr/m/n on input line 12.
LaTeX Font Info:    ... okay on input line 12.
LaTeX Font Info:    Checking defaults for OMS/cmsy/m/n on input line 12.
LaTeX Font Info:    ... okay on input line 12.
LaTeX Font Info:    Checking defaults for OMX/cmex/m/n on input line 12.
LaTeX Font Info:    ... okay on input line 12.
LaTeX Font Info:    Checking defaults for U/cmr/m/n on input line 12.
LaTeX Font Info:    ... okay on input line 12.

Overfull \hbox (6.74693pt too wide) in paragraph at lines 33--33
[]        \OT1/cmtt/m/n/10 , "    $> atf compile L.atf_lang x1.atf_src ... xN.a
rf_src"[] 
 []


Overfull \hbox (22.4968pt too wide) in paragraph at lines 35--35
[]        \OT1/cmtt/m/n/10 , "    This command transpiles each of xi.atf_src fi
le into a"[] 
 []


Overfull \hbox (38.24666pt too wide) in paragraph at lines 36--36
[]        \OT1/cmtt/m/n/10 , "    xi.atf_tgt file, for which both the content a
nd file type"[] 
 []


Overfull \hbox (59.24648pt too wide) in paragraph at lines 39--39
[]        \OT1/cmtt/m/n/10 , "    L.arg_lang is written in a language-specifica
tion format that"[] 
 []


Overfull \hbox (74.99634pt too wide) in paragraph at lines 40--40
[]        \OT1/cmtt/m/n/10 , "    is immediately compilable by atf. L, the comp
iled specification,"[] 
 []


Overfull \hbox (43.49661pt too wide) in paragraph at lines 41--41
[]        \OT1/cmtt/m/n/10 , "    is then used to parse and transpile each xi.a
tf_src into a"[] 
 []


Overfull \hbox (64.49643pt too wide) in paragraph at lines 47--47
[]        \OT1/cmtt/m/n/10 , "    This commpand prints a helpful illustration d
escription of the"[] 
 []


Overfull \hbox (59.24648pt too wide) in paragraph at lines 48--48
[]        \OT1/cmtt/m/n/10 , "    usage syntax and execution details about the 
given topic. For"[] 
 []


Overfull \hbox (43.49661pt too wide) in paragraph at lines 49--49
[]        \OT1/cmtt/m/n/10 , "    example, I would recommend running `atf help 
compile`." ] )[] 
 []

[1

{/usr/local/texlive/2016/texmf-var/fonts/map/pdftex/updmap/pdftex.map}]
[2] (./Help.aux) ) 
Here is how much of TeX's memory you used:
 245 strings out of 493014
 2805 string characters out of 6133351
 59601 words of memory out of 5000000
 3865 multiletter control sequences out of 15000+600000
 4712 words of font info for 18 fonts, out of 8000000 for 9000
 1141 hyphenation exceptions out of 8191
 23i,4n,17p,151b,250s stack positions out of 5000i,500n,10000p,200000b,80000s
</usr/local/texlive/2016/texmf-dist/fonts/type1/public/amsfon
ts/cm/cmbx12.pfb></usr/local/texlive/2016/texmf-dist/fonts/type1/public/amsfont
s/cm/cmr10.pfb></usr/local/texlive/2016/texmf-dist/fonts/type1/public/amsfonts/
cm/cmr17.pfb></usr/local/texlive/2016/texmf-dist/fonts/type1/public/amsfonts/cm
/cmtt10.pfb>
Output written on Help.pdf (2 pages, 43669 bytes).
PDF statistics:
 27 PDF objects out of 1000 (max. 8388607)
 18 compressed objects within 1 object stream
 0 named destinations out of 1000 (max. 500000)
 1 words of extra memory for PDF output out of 10000 (max. 10000000)

